{"/Users/willianss/Projects/voyager-portal/mars-rover-willian/voyager-mars-rover/src/MarsExploration.js": {"path":"/Users/willianss/Projects/voyager-portal/mars-rover-willian/voyager-mars-rover/src/MarsExploration.js","statementMap":{"0":{"start":{"line":4,"column":11},"end":{"line":4,"column":13}},"1":{"start":{"line":7,"column":29},"end":{"line":7,"column":61}},"2":{"start":{"line":9,"column":20},"end":{"line":13,"column":5}},"3":{"start":{"line":15,"column":4},"end":{"line":15,"column":34}},"4":{"start":{"line":19,"column":48},"end":{"line":19,"column":74}},"5":{"start":{"line":20,"column":18},"end":{"line":26,"column":5}},"6":{"start":{"line":27,"column":4},"end":{"line":27,"column":27}},"7":{"start":{"line":28,"column":4},"end":{"line":28,"column":17}},"8":{"start":{"line":32,"column":16},"end":{"line":32,"column":46}},"9":{"start":{"line":33,"column":30},"end":{"line":33,"column":48}},"10":{"start":{"line":35,"column":4},"end":{"line":44,"column":7}},"11":{"start":{"line":36,"column":6},"end":{"line":43,"column":7}},"12":{"start":{"line":38,"column":10},"end":{"line":38,"column":43}},"13":{"start":{"line":42,"column":8},"end":{"line":42,"column":41}},"14":{"start":{"line":46,"column":4},"end":{"line":50,"column":6}},"15":{"start":{"line":55,"column":4},"end":{"line":61,"column":5}},"16":{"start":{"line":60,"column":8},"end":{"line":60,"column":20}},"17":{"start":{"line":66,"column":4},"end":{"line":90,"column":5}},"18":{"start":{"line":67,"column":6},"end":{"line":78,"column":7}},"19":{"start":{"line":68,"column":8},"end":{"line":68,"column":27}},"20":{"start":{"line":70,"column":11},"end":{"line":78,"column":7}},"21":{"start":{"line":71,"column":8},"end":{"line":71,"column":27}},"22":{"start":{"line":73,"column":11},"end":{"line":78,"column":7}},"23":{"start":{"line":74,"column":8},"end":{"line":74,"column":27}},"24":{"start":{"line":76,"column":11},"end":{"line":78,"column":7}},"25":{"start":{"line":77,"column":8},"end":{"line":77,"column":27}},"26":{"start":{"line":79,"column":6},"end":{"line":79,"column":18}},"27":{"start":{"line":82,"column":6},"end":{"line":88,"column":7}},"28":{"start":{"line":83,"column":8},"end":{"line":83,"column":29}},"29":{"start":{"line":87,"column":7},"end":{"line":87,"column":29}},"30":{"start":{"line":89,"column":6},"end":{"line":89,"column":18}},"31":{"start":{"line":94,"column":4},"end":{"line":97,"column":64}},"32":{"start":{"line":94,"column":35},"end":{"line":94,"column":58}},"33":{"start":{"line":95,"column":9},"end":{"line":97,"column":64}},"34":{"start":{"line":95,"column":40},"end":{"line":95,"column":63}},"35":{"start":{"line":96,"column":9},"end":{"line":97,"column":64}},"36":{"start":{"line":96,"column":40},"end":{"line":96,"column":63}},"37":{"start":{"line":97,"column":9},"end":{"line":97,"column":64}},"38":{"start":{"line":97,"column":40},"end":{"line":97,"column":63}},"39":{"start":{"line":101,"column":4},"end":{"line":104,"column":64}},"40":{"start":{"line":101,"column":35},"end":{"line":101,"column":58}},"41":{"start":{"line":102,"column":9},"end":{"line":104,"column":64}},"42":{"start":{"line":102,"column":40},"end":{"line":102,"column":63}},"43":{"start":{"line":103,"column":9},"end":{"line":104,"column":64}},"44":{"start":{"line":103,"column":40},"end":{"line":103,"column":63}},"45":{"start":{"line":104,"column":9},"end":{"line":104,"column":64}},"46":{"start":{"line":104,"column":40},"end":{"line":104,"column":63}},"47":{"start":{"line":107,"column":4},"end":{"line":109,"column":6}},"48":{"start":{"line":108,"column":6},"end":{"line":108,"column":26}},"49":{"start":{"line":113,"column":18},"end":{"line":113,"column":48}},"50":{"start":{"line":114,"column":20},"end":{"line":117,"column":36}},"51":{"start":{"line":118,"column":4},"end":{"line":118,"column":18}},"52":{"start":{"line":122,"column":0},"end":{"line":122,"column":33}}},"fnMap":{"0":{"name":"(anonymous_0)","decl":{"start":{"line":6,"column":2},"end":{"line":6,"column":3}},"loc":{"start":{"line":6,"column":49},"end":{"line":16,"column":3}},"line":6},"1":{"name":"(anonymous_1)","decl":{"start":{"line":18,"column":2},"end":{"line":18,"column":3}},"loc":{"start":{"line":18,"column":44},"end":{"line":29,"column":3}},"line":18},"2":{"name":"(anonymous_2)","decl":{"start":{"line":31,"column":2},"end":{"line":31,"column":3}},"loc":{"start":{"line":31,"column":31},"end":{"line":51,"column":3}},"line":31},"3":{"name":"(anonymous_3)","decl":{"start":{"line":35,"column":30},"end":{"line":35,"column":31}},"loc":{"start":{"line":35,"column":41},"end":{"line":44,"column":5}},"line":35},"4":{"name":"(anonymous_4)","decl":{"start":{"line":54,"column":2},"end":{"line":54,"column":3}},"loc":{"start":{"line":54,"column":26},"end":{"line":62,"column":3}},"line":54},"5":{"name":"(anonymous_5)","decl":{"start":{"line":64,"column":2},"end":{"line":64,"column":3}},"loc":{"start":{"line":64,"column":23},"end":{"line":91,"column":3}},"line":64},"6":{"name":"(anonymous_6)","decl":{"start":{"line":93,"column":2},"end":{"line":93,"column":3}},"loc":{"start":{"line":93,"column":19},"end":{"line":98,"column":3}},"line":93},"7":{"name":"(anonymous_7)","decl":{"start":{"line":100,"column":2},"end":{"line":100,"column":3}},"loc":{"start":{"line":100,"column":20},"end":{"line":105,"column":3}},"line":100},"8":{"name":"(anonymous_8)","decl":{"start":{"line":106,"column":2},"end":{"line":106,"column":3}},"loc":{"start":{"line":106,"column":28},"end":{"line":110,"column":3}},"line":106},"9":{"name":"(anonymous_9)","decl":{"start":{"line":107,"column":28},"end":{"line":107,"column":29}},"loc":{"start":{"line":108,"column":6},"end":{"line":108,"column":26}},"line":108},"10":{"name":"(anonymous_10)","decl":{"start":{"line":112,"column":2},"end":{"line":112,"column":3}},"loc":{"start":{"line":112,"column":35},"end":{"line":119,"column":3}},"line":112}},"branchMap":{"0":{"loc":{"start":{"line":36,"column":6},"end":{"line":43,"column":7}},"type":"if","locations":[{"start":{"line":36,"column":6},"end":{"line":43,"column":7}},{"start":{"line":41,"column":11},"end":{"line":43,"column":7}}],"line":36},"1":{"loc":{"start":{"line":55,"column":4},"end":{"line":61,"column":5}},"type":"if","locations":[{"start":{"line":55,"column":4},"end":{"line":61,"column":5}},{"start":{},"end":{}}],"line":55},"2":{"loc":{"start":{"line":56,"column":7},"end":{"line":59,"column":56}},"type":"binary-expr","locations":[{"start":{"line":56,"column":8},"end":{"line":56,"column":32}},{"start":{"line":56,"column":36},"end":{"line":56,"column":74}},{"start":{"line":57,"column":7},"end":{"line":57,"column":31}},{"start":{"line":57,"column":35},"end":{"line":57,"column":73}},{"start":{"line":58,"column":7},"end":{"line":58,"column":31}},{"start":{"line":58,"column":35},"end":{"line":58,"column":55}},{"start":{"line":59,"column":7},"end":{"line":59,"column":31}},{"start":{"line":59,"column":35},"end":{"line":59,"column":55}}],"line":56},"3":{"loc":{"start":{"line":66,"column":4},"end":{"line":90,"column":5}},"type":"if","locations":[{"start":{"line":66,"column":4},"end":{"line":90,"column":5}},{"start":{"line":81,"column":9},"end":{"line":90,"column":5}}],"line":66},"4":{"loc":{"start":{"line":67,"column":6},"end":{"line":78,"column":7}},"type":"if","locations":[{"start":{"line":67,"column":6},"end":{"line":78,"column":7}},{"start":{"line":70,"column":11},"end":{"line":78,"column":7}}],"line":67},"5":{"loc":{"start":{"line":70,"column":11},"end":{"line":78,"column":7}},"type":"if","locations":[{"start":{"line":70,"column":11},"end":{"line":78,"column":7}},{"start":{"line":73,"column":11},"end":{"line":78,"column":7}}],"line":70},"6":{"loc":{"start":{"line":73,"column":11},"end":{"line":78,"column":7}},"type":"if","locations":[{"start":{"line":73,"column":11},"end":{"line":78,"column":7}},{"start":{"line":76,"column":11},"end":{"line":78,"column":7}}],"line":73},"7":{"loc":{"start":{"line":76,"column":11},"end":{"line":78,"column":7}},"type":"if","locations":[{"start":{"line":76,"column":11},"end":{"line":78,"column":7}},{"start":{},"end":{}}],"line":76},"8":{"loc":{"start":{"line":82,"column":6},"end":{"line":88,"column":7}},"type":"if","locations":[{"start":{"line":82,"column":6},"end":{"line":88,"column":7}},{"start":{"line":86,"column":11},"end":{"line":88,"column":7}}],"line":82},"9":{"loc":{"start":{"line":94,"column":4},"end":{"line":97,"column":64}},"type":"if","locations":[{"start":{"line":94,"column":4},"end":{"line":97,"column":64}},{"start":{"line":95,"column":9},"end":{"line":97,"column":64}}],"line":94},"10":{"loc":{"start":{"line":95,"column":9},"end":{"line":97,"column":64}},"type":"if","locations":[{"start":{"line":95,"column":9},"end":{"line":97,"column":64}},{"start":{"line":96,"column":9},"end":{"line":97,"column":64}}],"line":95},"11":{"loc":{"start":{"line":96,"column":9},"end":{"line":97,"column":64}},"type":"if","locations":[{"start":{"line":96,"column":9},"end":{"line":97,"column":64}},{"start":{"line":97,"column":9},"end":{"line":97,"column":64}}],"line":96},"12":{"loc":{"start":{"line":97,"column":9},"end":{"line":97,"column":64}},"type":"if","locations":[{"start":{"line":97,"column":9},"end":{"line":97,"column":64}},{"start":{},"end":{}}],"line":97},"13":{"loc":{"start":{"line":101,"column":4},"end":{"line":104,"column":64}},"type":"if","locations":[{"start":{"line":101,"column":4},"end":{"line":104,"column":64}},{"start":{"line":102,"column":9},"end":{"line":104,"column":64}}],"line":101},"14":{"loc":{"start":{"line":102,"column":9},"end":{"line":104,"column":64}},"type":"if","locations":[{"start":{"line":102,"column":9},"end":{"line":104,"column":64}},{"start":{"line":103,"column":9},"end":{"line":104,"column":64}}],"line":102},"15":{"loc":{"start":{"line":103,"column":9},"end":{"line":104,"column":64}},"type":"if","locations":[{"start":{"line":103,"column":9},"end":{"line":104,"column":64}},{"start":{"line":104,"column":9},"end":{"line":104,"column":64}}],"line":103},"16":{"loc":{"start":{"line":104,"column":9},"end":{"line":104,"column":64}},"type":"if","locations":[{"start":{"line":104,"column":9},"end":{"line":104,"column":64}},{"start":{},"end":{}}],"line":104}},"s":{"0":4,"1":2,"2":2,"3":2,"4":3,"5":3,"6":3,"7":3,"8":1,"9":1,"10":1,"11":9,"12":5,"13":4,"14":1,"15":0,"16":0,"17":9,"18":5,"19":2,"20":3,"21":1,"22":2,"23":1,"24":1,"25":1,"26":5,"27":4,"28":4,"29":0,"30":4,"31":4,"32":1,"33":3,"34":1,"35":2,"36":1,"37":1,"38":1,"39":0,"40":0,"41":0,"42":0,"43":0,"44":0,"45":0,"46":0,"47":2,"48":2,"49":1,"50":1,"51":1,"52":1},"f":{"0":2,"1":3,"2":1,"3":9,"4":0,"5":9,"6":4,"7":0,"8":2,"9":2,"10":1},"b":{"0":[5,4],"1":[0,0],"2":[0,0,0,0,0,0,0,0],"3":[5,4],"4":[2,3],"5":[1,2],"6":[1,1],"7":[1,0],"8":[4,0],"9":[1,3],"10":[1,2],"11":[1,1],"12":[1,0],"13":[0,0],"14":[0,0],"15":[0,0],"16":[0,0]},"_coverageSchema":"1a1c01bbd47fc00a2c39e90264f33305004495a9","hash":"0329378d975d998b86f948371033f95ea6eae88e"}
}
