TN:
SF:src/MarsExploration.js
FN:6,(anonymous_0)
FN:18,(anonymous_1)
FN:31,(anonymous_2)
FN:35,(anonymous_3)
FN:54,(anonymous_4)
FN:64,(anonymous_5)
FN:93,(anonymous_6)
FN:100,(anonymous_7)
FN:106,(anonymous_8)
FN:107,(anonymous_9)
FN:112,(anonymous_10)
FNF:11
FNH:9
FNDA:2,(anonymous_0)
FNDA:3,(anonymous_1)
FNDA:1,(anonymous_2)
FNDA:9,(anonymous_3)
FNDA:0,(anonymous_4)
FNDA:9,(anonymous_5)
FNDA:4,(anonymous_6)
FNDA:0,(anonymous_7)
FNDA:2,(anonymous_8)
FNDA:2,(anonymous_9)
FNDA:1,(anonymous_10)
DA:4,4
DA:7,2
DA:9,2
DA:15,2
DA:19,3
DA:20,3
DA:27,3
DA:28,3
DA:32,1
DA:33,1
DA:35,1
DA:36,9
DA:38,5
DA:42,4
DA:46,1
DA:55,0
DA:60,0
DA:66,9
DA:67,5
DA:68,2
DA:70,3
DA:71,1
DA:73,2
DA:74,1
DA:76,1
DA:77,1
DA:79,5
DA:82,4
DA:83,4
DA:87,0
DA:89,4
DA:94,4
DA:95,3
DA:96,2
DA:97,1
DA:101,0
DA:102,0
DA:103,0
DA:104,0
DA:107,2
DA:108,2
DA:113,1
DA:114,1
DA:118,1
DA:122,1
LF:45
LH:38
BRDA:36,0,0,5
BRDA:36,0,1,4
BRDA:55,1,0,0
BRDA:55,1,1,0
BRDA:56,2,0,0
BRDA:56,2,1,0
BRDA:56,2,2,0
BRDA:56,2,3,0
BRDA:56,2,4,0
BRDA:56,2,5,0
BRDA:56,2,6,0
BRDA:56,2,7,0
BRDA:66,3,0,5
BRDA:66,3,1,4
BRDA:67,4,0,2
BRDA:67,4,1,3
BRDA:70,5,0,1
BRDA:70,5,1,2
BRDA:73,6,0,1
BRDA:73,6,1,1
BRDA:76,7,0,1
BRDA:76,7,1,0
BRDA:82,8,0,4
BRDA:82,8,1,0
BRDA:94,9,0,1
BRDA:94,9,1,3
BRDA:95,10,0,1
BRDA:95,10,1,2
BRDA:96,11,0,1
BRDA:96,11,1,1
BRDA:97,12,0,1
BRDA:97,12,1,0
BRDA:101,13,0,0
BRDA:101,13,1,0
BRDA:102,14,0,0
BRDA:102,14,1,0
BRDA:103,15,0,0
BRDA:103,15,1,0
BRDA:104,16,0,0
BRDA:104,16,1,0
BRF:40
BRH:19
end_of_record
